<?xml version="1.0" encoding="UTF-8"?>
<!-- Generated by org.testng.reporters.JUnitXMLReporter -->
<testsuite ignored="0" hostname="Nguyens-MacBook-Pro-2.local" failures="0" tests="4" name="/Users/reinz/Desktop/Blue_otter_preHiring_test" time="49.83" errors="0" timestamp="2020-10-05T02:30:13 ICT">
  <testcase classname="LoginTestCase" name="signInWithEmailTestCase" time="7.06"/>
  <testcase classname="LoginTestCase" name="signInWithFacebook" time="15.235"/>
  <testcase classname="LoginTestCase" name="signInWithGmail" time="16.867"/>
  <testcase classname="RegisterTestCase" name="registerWithValidCredentials" time="6.195"/>
</testsuite> <!-- /Users/reinz/Desktop/Blue_otter_preHiring_test -->
